"../../../Engine/Content/Functions/Engine_MaterialFunctions01/Opacity/CameraDepthFade.uasset" 0
"../../../Engine/Content/EngineMaterials/T_Default_Material_Grid_M.uasset" 1
"../../../Engine/Content/EngineMaterials/T_Default_Material_Grid_N.uasset" 2
"../../../Engine/Content/EngineMaterials/WorldGridMaterial.uasset" 3
"../../../../../UE4/RepairTheVillage/Content/Box_Brush_StaticMesh2.uasset" 4
"../../../../../UE4/RepairTheVillage/Content/Floating_Embert.uasset" 5
"../../../../../UE4/RepairTheVillage/Content/GrassTextureNewV1.uasset" 6
"../../../../../UE4/RepairTheVillage/Content/Assets/Blockout_1.uasset" 7
"../../../../../UE4/RepairTheVillage/Content/Map.uasset" 8
"../../../../../UE4/RepairTheVillage/Content/Assets/Envioremntr/Oak/Chopped/Chopped_low_Chopped_Oak_Tex_BaseColor.uasset" 9
"../../../../../UE4/RepairTheVillage/Content/Assets/Envioremntr/Oak/Chopped/Chopped_low_Chopped_Oak_Tex_Normal.uasset" 10
"../../../../../UE4/RepairTheVillage/Content/Assets/Envioremntr/Oak/Chopped/Chopped_low_Chopped_Oak_Tex_OcclusionRoughnessMetallic.uasset" 11
"../../../../../UE4/RepairTheVillage/Content/M_BaseAsset1.uasset" 12
"../../../../../UE4/RepairTheVillage/Content/newTitleVid.uasset" 13
"../../../../../UE4/RepairTheVillage/Content/Night01_BuiltData.uasset" 14
"../../../../../UE4/RepairTheVillage/Content/vingette.uasset" 15
"../../../Engine/Content/Functions/Engine_MaterialFunctions01/Gradient/LinearGradient.uasset" 16
"../../../../../UE4/RepairTheVillage/Content/WaterShader.uasset" 17
"../../../../../UE4/RepairTheVillage/Content/Assets/Map/Cave_BaseColor.uasset" 18
"../../../../../UE4/RepairTheVillage/Content/Assets/Map/Cave_OcclusionRoughnessMetallic.uasset" 19
"../../../../../UE4/RepairTheVillage/Content/Assets/Map/Cave1.uasset" 20
"../../../../../UE4/RepairTheVillage/Content/Assets/Map/Cliff_EXP_Cave.uasset" 21
"../../../../../UE4/RepairTheVillage/Content/Assets/Cliff_EXP_Cave.uasset" 22
"../../../Engine/Content/Functions/Engine_MaterialFunctions01/ImageAdjustment/CheapContrast.uasset" 23
"../../../Engine/Content/EngineMaterials/DefaultDiffuse.uasset" 24
"../../../Engine/Content/Functions/Engine_MaterialFunctions01/Texturing/WorldAlignedTexture.uasset" 25
"../../../../../UE4/RepairTheVillage/Content/Grass_scatter_test.uasset" 26
"../../../../../UE4/RepairTheVillage/Content/Materials/MF_GrassColour.uasset" 27
"../../../../../UE4/RepairTheVillage/Content/Assets/Map/Cliff_BaseColor.uasset" 28
"../../../../../UE4/RepairTheVillage/Content/Assets/Map/Cliff_OcclusionRoughnessMetallic.uasset" 29
"../../../../../UE4/RepairTheVillage/Content/Assets/Map/Grass_Mask.uasset" 30
"../../../../../UE4/RepairTheVillage/Content/Assets/Map/Cliff1.uasset" 31
"../../../../../UE4/RepairTheVillage/Content/Assets/Map/Cliff_EXP_Cliff.uasset" 32
"../../../../../UE4/RepairTheVillage/Content/Assets/Cliff_EXP_Cliff.uasset" 33
"../../../../../UE4/RepairTheVillage/Content/Assets/WaterWallRipples.uasset" 34
"../../../../../UE4/RepairTheVillage/Content/Assets/City/SmalHouse/Small_House_Outside.uasset" 35
"../../../../../UE4/RepairTheVillage/Content/Assets/City/SmalHouse/Small_House_Low_Outer_House_Low.uasset" 36
"../../../../../UE4/RepairTheVillage/Content/Assets/City/SmalHouse/Small_House_Colour.uasset" 37
"../../../../../UE4/RepairTheVillage/Content/Assets/City/SmalHouse/Small_House_Emissive.uasset" 38
"../../../../../UE4/RepairTheVillage/Content/Assets/City/SmalHouse/Small_House_Normal.uasset" 39
"../../../../../UE4/RepairTheVillage/Content/Assets/City/SmalHouse/Small_House_OcclusionRoughnessMetallic.uasset" 40
"../../../../../UE4/RepairTheVillage/Content/Assets/City/SmalHouse/M_SmallHouse.uasset" 41
"../../../../../UE4/RepairTheVillage/Content/Assets/City/SmalHouse/Small_House_Low_Small_House_Low.uasset" 42
"../../../../../UE4/RepairTheVillage/Content/Assets/Envioremntr/Barells/Barrel_Tex_BaseColor.uasset" 43
"../../../../../UE4/RepairTheVillage/Content/Assets/Envioremntr/Barells/Barrel_Tex_Normal.uasset" 44
"../../../../../UE4/RepairTheVillage/Content/Assets/Envioremntr/Barells/Barrel_Tex_OcclusionRoughnessMetallic.uasset" 45
"../../../../../UE4/RepairTheVillage/Content/Assets/Envioremntr/Barells/M_Barell.uasset" 46
"../../../../../UE4/RepairTheVillage/Content/Assets/Envioremntr/Barells/Empty_Barrel_FBX.uasset" 47
"../../../Engine/Content/Functions/Engine_MaterialFunctions01/WorldPositionOffset/SimpleGrassWind.uasset" 48
"../../../../../UE4/RepairTheVillage/Content/Assets/Envioremntr/Grass/AAnna/GrassTextureAnna.uasset" 49
"../../../../../UE4/RepairTheVillage/Content/Assets/Envioremntr/Grass/AAnna/unknown__5_.uasset" 50
"../../../../../UE4/RepairTheVillage/Content/Assets/Envioremntr/Grass/M_Grass.uasset" 51
"../../../../../UE4/RepairTheVillage/Content/Assets/Envioremntr/Grass/Grass.uasset" 52
"../../../../../UE4/RepairTheVillage/Content/Assets/Envioremntr/Grass/FG_Frass.uasset" 53
"../../../../../UE4/RepairTheVillage/Content/Assets/Envioremntr/Grass/GrassTexture.uasset" 54
"../../../../../UE4/RepairTheVillage/Content/Assets/Envioremntr/Grass/sprite_0017.uasset" 55
"../../../../../UE4/RepairTheVillage/Content/Assets/Envioremntr/Grass/AAttempt2/GrassTextureGrunge.uasset" 56
"../../../../../UE4/RepairTheVillage/Content/Assets/Envioremntr/Grass/AAttempt2/grass_02_alpha.uasset" 57
"../../../../../UE4/RepairTheVillage/Content/Assets/Envioremntr/Grass/AAttempt2/image__1_.uasset" 58
"../../../../../UE4/RepairTheVillage/Content/Assets/Envioremntr/Grass/AAttempt2/M_Grass.uasset" 59
"../../../../../UE4/RepairTheVillage/Content/Assets/Envioremntr/Grass/Sand/seamless_desert_sand_texture_by_hhh316_d311qn7-fullview.uasset" 60
"../../../../../UE4/RepairTheVillage/Content/Assets/Envioremntr/Grass/Sand/SoilBeach0087_10_S-e1403954513815.uasset" 61
"../../../../../UE4/RepairTheVillage/Content/Assets/Envioremntr/Grass/Sand/M_Sand.uasset" 62
"../../../../../UE4/RepairTheVillage/Content/Assets/Envioremntr/Oak/Chopped/M_BaseAsset.uasset" 63
"../../../../../UE4/RepairTheVillage/Content/Assets/Envioremntr/Oak/Chopped/MI_ChoppedOak.uasset" 64
"../../../../../UE4/RepairTheVillage/Content/Assets/Envioremntr/Oak/Chopped/Chopped_Tree_Test_base.uasset" 65
"../../../../../UE4/RepairTheVillage/Content/Assets/Envioremntr/Oak/Chopped_Tree_Test_base.uasset" 66
"../../../../../UE4/RepairTheVillage/Content/Assets/Envioremntr/Oak/Chopped/Chopped_Tree_Test_trunk.uasset" 67
"../../../../../UE4/RepairTheVillage/Content/Assets/Envioremntr/Oak/Chopped_Tree_Test_trunk.uasset" 68
"../../../../../UE4/RepairTheVillage/Content/Grass_Height.uasset" 69
"../../../../../UE4/RepairTheVillage/Content/Assets/Envioremntr/Grass/AAttempt2/M_Grass1.uasset" 70
"../../../../../UE4/RepairTheVillage/Content/Assets/Envioremntr/Grass/AAttempt2/GrassAttemtp2.uasset" 71
"../../../../../UE4/RepairTheVillage/Content/Assets/Grass/AAttempt2/GrassAttemtp2.uasset" 72
"../../../../../UE4/RepairTheVillage/Content/Assets/Envioremntr/Grass/AAttempt2/imgonline-com-ua-TextureSeamless-7NRUukpWQL4JP.uasset" 73
"../../../../../UE4/RepairTheVillage/Content/Assets/Envioremntr/Grass/AAttempt2/M_SwampGrass.uasset" 74
"../../../../../UE4/RepairTheVillage/Content/Assets/Envioremntr/Grass/AAttempt2/GrassAttemtp3.uasset" 75
"../../../../../UE4/RepairTheVillage/Content/Assets/Grass/AAttempt2/GrassAttemtp3.uasset" 76
"../../../../../UE4/RepairTheVillage/Content/Assets/Grass/AAttempt2/image__1_.uasset" 77
"../../../../../UE4/RepairTheVillage/Content/Assets/Grass/AAttempt2/imgonline-com-ua-TextureSeamless-7NRUukpWQL4JP.uasset" 78
"../../../Engine/Content/Functions/Engine_MaterialFunctions02/SplitComponents.uasset" 79
"../../../Engine/Content/Functions/Engine_MaterialFunctions02/Utility/VectorLength.uasset" 80
"../../../../../UE4/RepairTheVillage/Content/Materials/RockyPath/MF_DisplaceLandscape.uasset" 81
"../../../Engine/Content/EngineMaterials/WeightMapPlaceholderTexture.uasset" 82
"../../../../../UE4/RepairTheVillage/Content/Materials/RockyPath/lambert1_Normal_OpenGL_2.uasset" 83
"../../../../../UE4/RepairTheVillage/Content/Materials/RockyPath/Rock_Path_basecolor.uasset" 84
"../../../../../UE4/RepairTheVillage/Content/Materials/RockyPath/Rock_Path_height.uasset" 85
"../../../../../UE4/RepairTheVillage/Content/Materials/RockyPath/Rock_Path_Metallic_Roughness_AO.uasset" 86
"../../../../../UE4/RepairTheVillage/Content/Materials/RockyPath/Rock_Path_normal.uasset" 87
"../../../../../UE4/RepairTheVillage/Content/Materials/RockyPath/Special_Tex.uasset" 88
"../../../../../UE4/RepairTheVillage/Content/Assets/Envioremntr/Grass/AAttempt2/M_Landscape.uasset" 89
"../../../../../UE4/RepairTheVillage/Content/Assets/Grass/AAttempt2/M_Landscape.uasset" 90
"../../../../../UE4/RepairTheVillage/Content/Assets/Envioremntr/Grass/AAttempt2/M_UnderGrass.uasset" 91
"../../../../../UE4/RepairTheVillage/Content/Assets/Grass/AAttempt2/M_UnderGrass.uasset" 92
"../../../../../UE4/RepairTheVillage/Content/Assets/Envioremntr/Grass/AAttempt2/M_UnderGrass1.uasset" 93
"../../../../../UE4/RepairTheVillage/Content/Assets/Grass/AAttempt2/M_UnderGrass1.uasset" 94
"../../../../../UE4/RepairTheVillage/Content/Assets/Grass/Sand/seamless_desert_sand_texture_by_hhh316_d311qn7-fullview.uasset" 95
"../../../../../UE4/RepairTheVillage/Content/Assets/Grass/Sand/SoilBeach0087_10_S-e1403954513815.uasset" 96
"../../../../../UE4/RepairTheVillage/Content/Assets/LongDUde/Material.uasset" 97
"../../../../../UE4/RepairTheVillage/Content/Assets/LongDUde/Material_001.uasset" 98
"../../../../../UE4/RepairTheVillage/Content/Assets/LongDUde/LongDude.uasset" 99
"../../../../../UE4/RepairTheVillage/Content/Assets/LongDUde/Tall_boi_low_For_zbrush_copy1_BaseColor.uasset" 100
"../../../../../UE4/RepairTheVillage/Content/Assets/LongDUde/Tall_boi_low_For_zbrush_copy1_Emissive.uasset" 101
"../../../../../UE4/RepairTheVillage/Content/Assets/LongDUde/Tall_boi_low_For_zbrush_copy1_Normal.uasset" 102
"../../../../../UE4/RepairTheVillage/Content/Assets/LongDUde/Tall_boi_low_For_zbrush_copy1_OcclusionRoughnessMetallic.uasset" 103
"../../../../../UE4/RepairTheVillage/Content/Assets/LongDUde/M_LongBoi.uasset" 104
"../../../../../UE4/RepairTheVillage/Content/Assets/LongDUde/Tall_boi_low.uasset" 105
"../../../../../UE4/RepairTheVillage/Content/Assets/Map/Initial_Blockout_PhysicsAsset.uasset" 106
"../../../../../UE4/RepairTheVillage/Content/Assets/Map/Initial_Blockout_Skeleton.uasset" 107
"../../../../../UE4/RepairTheVillage/Content/Assets/Map/Initial_Blockout.uasset" 108
"../../../Engine/Content/Animation/DefaultAnimBoneCompressionSettings.uasset" 109
"../../../../../UE4/RepairTheVillage/Content/Assets/Map/Initial_Blockout_Anim.uasset" 110
"../../../../../UE4/RepairTheVillage/Content/Assets/Map/NewMap/Cave_Tex.uasset" 111
"../../../../../UE4/RepairTheVillage/Content/Assets/Map/NewMap/Cliffs_and_Terrain_FBX_Cave_FBX.uasset" 112
"../../../../../UE4/RepairTheVillage/Content/Assets/Map/NewMap/Cliff_Tex.uasset" 113
"../../../../../UE4/RepairTheVillage/Content/Assets/Map/NewMap/Cliffs_and_Terrain_FBX_Cliff_FBX.uasset" 114
"../../../../../UE4/RepairTheVillage/Content/Assets/Map/NewMap/Terrain_Tex.uasset" 115
"../../../../../UE4/RepairTheVillage/Content/Assets/Map/NewMap/Cliffs_and_Terrain_FBX_Terrain_FBX.uasset" 116
"../../../../../UE4/RepairTheVillage/Content/Assets/Map/Sky/M_SkySphere.uasset" 117
"../../../../../UE4/RepairTheVillage/Content/Assets/Map/Sky/SkySphere.uasset" 118
"../../../../../UE4/RepairTheVillage/Content/Assets/NPCStuff/Qu_Mark_Tex_Normal.uasset" 119
"../../../../../UE4/RepairTheVillage/Content/BluePrints/Structs/ST_Item.uasset" 120
"../../../../../UE4/RepairTheVillage/Content/BluePrints/Items/BP_Item.uasset" 121
"../../../../../UE4/RepairTheVillage/Content/BluePrints/BP_Item.uasset" 122
"../../../../../UE4/RepairTheVillage/Content/Charachter/FireBoy/M_Opacity.uasset" 123
"../../../Engine/Content/BasicShapes/Cube.uasset" 124
"../../../../../UE4/RepairTheVillage/Content/Particles/M_GlowPart.uasset" 125
"../../../../../UE4/RepairTheVillage/Content/Particles/MI_GlowIten.uasset" 126
"../../../../../UE4/RepairTheVillage/Content/Particles/WoodChip.uasset" 127
"../../../../../UE4/RepairTheVillage/Content/Particles/PS_ItemGlow.uasset" 128
"../../../../../UE4/RepairTheVillage/Content/Sprites/images__2_.uasset" 129
"../../../../../UE4/RepairTheVillage/Content/BluePrints/Items/BP_Item_Seeds.uasset" 130
"../../../../../UE4/RepairTheVillage/Content/BluePrints/BP_Item_Seeds.uasset" 131
"../../../../../UE4/RepairTheVillage/Content/Assets/Envioremntr/Rocks/Rocks_low_Rocks_BaseColor.uasset" 132
"../../../../../UE4/RepairTheVillage/Content/Assets/Envioremntr/Rocks/Rocks_low_Rocks_Normal.uasset" 133
"../../../../../UE4/RepairTheVillage/Content/Assets/Envioremntr/Rocks/Rocks_low_Rocks_OcclusionRoughnessMetallic.uasset" 134
"../../../../../UE4/RepairTheVillage/Content/Assets/Envioremntr/Rocks/M_Rocks.uasset" 135
"../../../../../UE4/RepairTheVillage/Content/Assets/Envioremntr/Rocks/Medium_Rock_FBX.uasset" 136
"../../../../../UE4/RepairTheVillage/Content/UI/Icons/Rock_THUMBNAIL.uasset" 137
"../../../../../UE4/RepairTheVillage/Content/BluePrints/Items/BP_Item_Stone.uasset" 138
"../../../../../UE4/RepairTheVillage/Content/BluePrints/BP_Item_Stone.uasset" 139
"../../../../../UE4/RepairTheVillage/Content/Assets/Items/Logs/log_normal_map.uasset" 140
"../../../../../UE4/RepairTheVillage/Content/Assets/Items/Logs/log_OcclusionRoughnessMetallic.uasset" 141
"../../../../../UE4/RepairTheVillage/Content/Assets/Items/Logs/log_regular_BaseColor.uasset" 142
"../../../../../UE4/RepairTheVillage/Content/Assets/Items/Logs/M_OakWood.uasset" 143
"../../../../../UE4/RepairTheVillage/Content/Assets/Items/Logs/Log_Lowpoly.uasset" 144
"../../../../../UE4/RepairTheVillage/Content/UI/Icons/Oak_THUMBNAIL.uasset" 145
"../../../../../UE4/RepairTheVillage/Content/BluePrints/Items/BP_Item_Wood.uasset" 146
"../../../../../UE4/RepairTheVillage/Content/BluePrints/BP_Item_Wood.uasset" 147
"../../../../../UE4/RepairTheVillage/Content/Charachter/NewestCharClean/NewestCharCleanSkel.uasset" 148
"../../../../../UE4/RepairTheVillage/Content/Charachter/NewestCharClean/Dying__1_.uasset" 149
"../../../../../UE4/RepairTheVillage/Content/Charachter/NewestCharClean/Jump__5_.uasset" 150
"../../../../../UE4/RepairTheVillage/Content/Charachter/NewestCharClean/Standing_Melee_Attack_Horizontal__2_.uasset" 151
"../../../../../UE4/RepairTheVillage/Content/Charachter/NewestCharClean/Unarmed_Equip_Over_Shoulder__5_.uasset" 152
"../../../../../UE4/RepairTheVillage/Content/Charachter/NewestCharClean/Neutral_Idle.uasset" 153
"../../../../../UE4/RepairTheVillage/Content/Charachter/NewestCharClean/Run_Forward.uasset" 154
"../../../../../UE4/RepairTheVillage/Content/Charachter/NewestCharClean/Walking_Anim_mixamo_com.uasset" 155
"../../../../../UE4/RepairTheVillage/Content/Charachter/NewestCharClean/BS_IdleWalkRun.uasset" 156
"../../../../../UE4/RepairTheVillage/Content/BluePrints/Structs/ST_Prop.uasset" 157
"../../../../../UE4/RepairTheVillage/Content/BluePrints/InWorldProps/BP_DestroyableProp.uasset" 158
"../../../../../UE4/RepairTheVillage/Content/BluePrints/Items/Tools/BP_Weapon.uasset" 159
"../../../../../UE4/RepairTheVillage/Content/Charachter/NewestCharClean/AB_NewCharClean.uasset" 160
"../../../Engine/Content/EditorBlueprintResources/StandardMacros.uasset" 161
"../../../../../UE4/RepairTheVillage/Content/BluePrints/BP_SpawnPoint.uasset" 162
"../../../../../UE4/RepairTheVillage/Content/BluePrints/Structs/ST_NPC.uasset" 163
"../../../../../UE4/RepairTheVillage/Content/BluePrints/BPI_QuestUpdates.uasset" 164
"../../../Engine/Content/BasicShapes/BasicShapeMaterial.uasset" 165
"../../../../../UE4/RepairTheVillage/Content/BluePrints/NPCs/LongBoi/BP_NPC.uasset" 166
"../../../../../UE4/RepairTheVillage/Content/BluePrints/BPF_InventoryNodes.uasset" 167
"../../../../../UE4/RepairTheVillage/Content/BluePrints/BPI_PlayerNPCInteract.uasset" 168
"../../../../../UE4/RepairTheVillage/Content/Assets/Axe/NewAxe/Axe_low_Axe_Tex_BaseColor.uasset" 169
"../../../../../UE4/RepairTheVillage/Content/Assets/Axe/NewAxe/Axe_low_Axe_Tex_Normal.uasset" 170
"../../../../../UE4/RepairTheVillage/Content/Assets/Axe/NewAxe/Axe_low_Axe_Tex_OcclusionRoughnessMetallic.uasset" 171
"../../../../../UE4/RepairTheVillage/Content/Assets/Axe/NewAxe/Axe_Tex.uasset" 172
"../../../../../UE4/RepairTheVillage/Content/Assets/Axe/NewAxe/Axe_FBX.uasset" 173
"../../../../../UE4/RepairTheVillage/Content/Sounds/AxeHit.uasset" 174
"../../../../../UE4/RepairTheVillage/Content/BluePrints/Items/Tools/BP_Weapon_Axe.uasset" 175
"../../../../../UE4/RepairTheVillage/Content/Assets/Pickaxe/Pickaxe_Tex_BaseColor.uasset" 176
"../../../../../UE4/RepairTheVillage/Content/Assets/Pickaxe/Pickaxe_Tex_Normal.uasset" 177
"../../../../../UE4/RepairTheVillage/Content/Assets/Pickaxe/Pickaxe_Tex_OcclusionRoughnessMetallic.uasset" 178
"../../../../../UE4/RepairTheVillage/Content/Assets/Pickaxe/M_Pickaxe.uasset" 179
"../../../../../UE4/RepairTheVillage/Content/Assets/Pickaxe/Pickaxe_FBX.uasset" 180
"../../../../../UE4/RepairTheVillage/Content/BluePrints/Items/Tools/BP_Weapon_PickAxe.uasset" 181
"../../../../../UE4/RepairTheVillage/Content/UI/BP_TextBoxZone.uasset" 182
"../../../../../UE4/RepairTheVillage/Content/Charachter/FireBoy/image1.uasset" 183
"../../../../../UE4/RepairTheVillage/Content/Charachter/FireBoy/scanTexture.uasset" 184
"../../../../../UE4/RepairTheVillage/Content/Charachter/NewestChar/player_low_Player_Character_BaseColor.uasset" 185
"../../../../../UE4/RepairTheVillage/Content/Charachter/NewestChar/player_low_Player_Character_Emissive.uasset" 186
"../../../../../UE4/RepairTheVillage/Content/Charachter/NewestChar/player_low_Player_Character_Normal.uasset" 187
"../../../../../UE4/RepairTheVillage/Content/Charachter/NewestChar/player_low_Player_Character_OcclusionRoughnessMetallic.uasset" 188
"../../../../../UE4/RepairTheVillage/Content/Charachter/FireBoy/PM3D_Sphere3D_1.uasset" 189
"../../../../../UE4/RepairTheVillage/Content/Materials/PP/MPC_FogParameters.uasset" 190
"../../../../../UE4/RepairTheVillage/Content/Charachter/NewestCharClean/BackPack/Backpack_Tex_BaseColor.uasset" 191
"../../../../../UE4/RepairTheVillage/Content/Charachter/NewestCharClean/BackPack/Backpack_Tex_Normal.uasset" 192
"../../../../../UE4/RepairTheVillage/Content/Charachter/NewestCharClean/BackPack/Backpack_Tex_OcclusionRoughnessMetallic.uasset" 193
"../../../../../UE4/RepairTheVillage/Content/Charachter/NewestCharClean/BackPack/M_BackPack.uasset" 194
"../../../../../UE4/RepairTheVillage/Content/Charachter/NewestCharClean/BackPack/BackPack_FBX.uasset" 195
"../../../../../UE4/RepairTheVillage/Content/Charachter/NewestCharClean/Walking_PhysicsAsset.uasset" 196
"../../../../../UE4/RepairTheVillage/Content/Charachter/NewestCharClean/Walking.uasset" 197
"../../../../../UE4/RepairTheVillage/Content/Particles/Embers/M_GlowPart2.uasset" 198
"../../../../../UE4/RepairTheVillage/Content/Particles/Embers/WoodChip2.uasset" 199
"../../../../../UE4/RepairTheVillage/Content/Particles/Embers/PS_ItemGlow1.uasset" 200
"../../../../../UE4/RepairTheVillage/Content/Sounds/death_screen__1_.uasset" 201
"../../../../../UE4/RepairTheVillage/Content/Sounds/newSounds/SF_Footstepss.uasset" 202
"../../../../../UE4/RepairTheVillage/Content/Sounds/newSounds/SF_Footsteps.uasset" 203
"../../../../../UE4/RepairTheVillage/Content/Sounds/newSounds/heartBeat.uasset" 204
"../../../../../UE4/RepairTheVillage/Content/Sounds/newSounds/SF_heartbeat.uasset" 205
"../../../../../UE4/RepairTheVillage/Content/Sounds/ruins___1_.uasset" 206
"../../../../../UE4/RepairTheVillage/Content/UI/PauseButton.uasset" 207
"../../../../../UE4/RepairTheVillage/Content/UI/UI_stone.uasset" 208
"../../../../../UE4/RepairTheVillage/Content/UI/UITab.uasset" 209
"../../../../../UE4/RepairTheVillage/Content/UI/Inventory.uasset" 210
"../../../../../UE4/RepairTheVillage/Content/UI/end_screen.uasset" 211
"../../../../../UE4/RepairTheVillage/Content/UI/gameover__1_.uasset" 212
"../../../../../UE4/RepairTheVillage/Content/UI/TitleScreen/Quit_Button__2_.uasset" 213
"../../../../../UE4/RepairTheVillage/Content/UI/UI_DeathScreen.uasset" 214
"../../../../../UE4/RepairTheVillage/Content/Sounds/ES_Newspaper_Drop_1_-_SFX_Producer__1_.uasset" 215
"../../../../../UE4/RepairTheVillage/Content/Sounds/HowerSound.uasset" 216
"../../../../../UE4/RepairTheVillage/Content/UI/baakcButton.uasset" 217
"../../../../../UE4/RepairTheVillage/Content/UI/MenuScreen/Instructions/Instructions_Arrow__1_.uasset" 218
"../../../../../UE4/RepairTheVillage/Content/UI/MenuScreen/Instructions/Instructions_Arrow__1_1.uasset" 219
"../../../../../UE4/RepairTheVillage/Content/UI/MenuScreen/Instructions/Instructions_Arrow_Left.uasset" 220
"../../../../../UE4/RepairTheVillage/Content/UI/MenuScreen/Instructions/Instructions_Page_1.uasset" 221
"../../../../../UE4/RepairTheVillage/Content/UI/MenuScreen/Instructions/Instructions_Page_2.uasset" 222
"../../../../../UE4/RepairTheVillage/Content/UI/MenuScreen/Instructions/Instructions_Page_3.uasset" 223
"../../../../../UE4/RepairTheVillage/Content/UI/MenuScreen/Instructions_Button__1_.uasset" 224
"../../../../../UE4/RepairTheVillage/Content/UI/MenuScreen/Pause_Menu_Background__1_.uasset" 225
"../../../../../UE4/RepairTheVillage/Content/UI/MenuScreen/Quit_Button__1_.uasset" 226
"../../../../../UE4/RepairTheVillage/Content/UI/MenuScreen/Resume_Button__1_.uasset" 227
"../../../../../UE4/RepairTheVillage/Content/UI/UIW_MenuScreen.uasset" 228
"../../../../../UE4/RepairTheVillage/Content/UI/NPC_Screen_Button.uasset" 229
"../../../../../UE4/RepairTheVillage/Content/UI/NPCICons/Embert_Icon.uasset" 230
"../../../../../UE4/RepairTheVillage/Content/UI/ui_npcscreen.uasset" 231
"../../../../../UE4/RepairTheVillage/Content/UI/UIW_NPCPrompt.uasset" 232
"../../../../../UE4/RepairTheVillage/Content/UI/UIW_QuestLog.uasset" 233
"../../../../../UE4/RepairTheVillage/Content/UI/HUD_bars.uasset" 234
"../../../../../UE4/RepairTheVillage/Content/UI/HUD_bars_Stamina.uasset" 235
"../../../../../UE4/RepairTheVillage/Content/UI/HUD_Empty.uasset" 236
"../../../../../UE4/RepairTheVillage/Content/UI/UIW_StaminaHealth.uasset" 237
"../../../../../UE4/RepairTheVillage/Content/UI/TextBoxFireBoy.uasset" 238
"../../../../../UE4/RepairTheVillage/Content/UI/UIW_TextBox.uasset" 239
"../../../../../UE4/RepairTheVillage/Content/Charachter/BP_Charachter.uasset" 240
"../../../../../UE4/RepairTheVillage/Content/BluePrints/InWorldProps/Enemies/BP_EnemyBase.uasset" 241
"../../../../../UE4/RepairTheVillage/Content/Assets/Items/Meat/Bone.uasset" 242
"../../../../../UE4/RepairTheVillage/Content/Assets/Items/Meat/Meat.uasset" 243
"../../../../../UE4/RepairTheVillage/Content/Assets/Items/Meat/AnimalMeat.uasset" 244
"../../../../../UE4/RepairTheVillage/Content/Assets/Items/Meat/meat-outline-filled.uasset" 245
"../../../../../UE4/RepairTheVillage/Content/BluePrints/Items/BP_Item_Meat.uasset" 246
"../../../../../UE4/RepairTheVillage/Content/BluePrints/InWorldProps/Enemies/BP_Raat.uasset" 247
"../../../../../UE4/RepairTheVillage/Content/BluePrints/InWorldProps/Enemies/BP_Ratv2.uasset" 248
"../../../../../UE4/RepairTheVillage/Content/Materials/M_FadeIn.uasset" 249
"../../../../../UE4/RepairTheVillage/Content/BluePrints/InWorldProps/QuestRewardBuildigns/BP_SwampBridge.uasset" 250
"../../../../../UE4/RepairTheVillage/Content/BluePrints/InWorldProps/QuestRewardBuildigns/BP_RockNPCHouse1.uasset" 251
"../../../../../UE4/RepairTheVillage/Content/BluePrints/InWorldProps/Trees/BP_DestroyableProp.uasset" 252
"../../../../../UE4/RepairTheVillage/Content/BP_CameraaShakeControl.uasset" 253
"../../../../../UE4/RepairTheVillage/Content/Assets/Envioremntr/Oak/Chopped/Chopped_Oak_FBX.uasset" 254
"../../../../../UE4/RepairTheVillage/Content/Sounds/TreeSmack.uasset" 255
"../../../../../UE4/RepairTheVillage/Content/BluePrints/InWorldProps/Trees/BP_DestroyableProp_Log.uasset" 256
"../../../../../UE4/RepairTheVillage/Content/BluePrints/InWorldProps/Trees/QuickWiidM.uasset" 257
"../../../Engine/Content/EngineMaterials/DefaultMaterial.uasset" 258
"../../../Engine/Content/BasicShapes/Cone.uasset" 259
"../../../Engine/Content/BasicShapes/Cylinder.uasset" 260
"../../../../../UE4/RepairTheVillage/Content/Sounds/TreFall.uasset" 261
"../../../../../UE4/RepairTheVillage/Content/BluePrints/InWorldProps/Trees/BP_DestroyableProp_Tree.uasset" 262
"../../../Engine/Content/EngineMaterials/BaseFlattenDiffuseMap.uasset" 263
"../../../Engine/Content/EngineMaterials/BaseFlattenEmissiveMap.uasset" 264
"../../../Engine/Content/EngineMaterials/BaseFlattenGrayscaleMap.uasset" 265
"../../../Engine/Content/EngineMaterials/BaseFlattenNormalMap.uasset" 266
"../../../Engine/Content/EngineMaterials/NewBaseFlattenMaterial.uasset" 267
"../../../../../UE4/RepairTheVillage/Content/BluePrints/NPCs/BloobyGuy/M_Blobby_FBX_M_BlobyCharachter_54741A514422B28BBAC6F28892D9C260.uasset" 268
"../../../../../UE4/RepairTheVillage/Content/BluePrints/NPCs/BloobyGuy/M_Blobby_FBX_M_M_Blobby_FBX_M_BlobyCharachter_54741A514422B28BBAC6F28892D9C260_694A6D18458F1EB25C1FCEA68043F88E.uasset" 269
"../../../../../UE4/RepairTheVillage/Content/BluePrints/NPCs/TallRobeLarry/Robe_Lady_Low_robe_lady_BaseColor.uasset" 270
"../../../../../UE4/RepairTheVillage/Content/BluePrints/NPCs/TallRobeLarry/Robe_Lady_Low_robe_lady_Emissive.uasset" 271
"../../../../../UE4/RepairTheVillage/Content/BluePrints/NPCs/TallRobeLarry/Robe_Lady_Low_robe_lady_Normal.uasset" 272
"../../../../../UE4/RepairTheVillage/Content/BluePrints/NPCs/TallRobeLarry/Robe_Lady_Low_robe_lady_OcclusionRoughnessMetallic.uasset" 273
"../../../../../UE4/RepairTheVillage/Content/BluePrints/NPCs/TallRobeLarry/M_robe_lady.uasset" 274
"../../../../../UE4/RepairTheVillage/Content/BluePrints/NPCs/TallRobeLarry/LONGROBELARRY.uasset" 275
"../../../../../UE4/RepairTheVillage/Content/BluePrints/NPCs/TallRobeLarry/M_robe_lady_001.uasset" 276
"../../../../../UE4/RepairTheVillage/Content/BluePrints/NPCs/TallRobeLarry/robe_lady.uasset" 277
"../../../../../UE4/RepairTheVillage/Content/BluePrints/NPCs/TallRobeLarry/Tall_Robe_Lady_FBX_Leaves_low.uasset" 278
"../../../../../UE4/RepairTheVillage/Content/BluePrints/NPCs/TallRobeLarry/Tall_Robe_Lady_FBX_Robe_Lady.uasset" 279
"../../../../../UE4/RepairTheVillage/Content/BluePrints/Structs/ST_ActiveQuest.uasset" 280
"../../../../../UE4/RepairTheVillage/Content/Charachter/FB_low_17k_Fire_Boy_BaseColor__1_.uasset" 281
"../../../../../UE4/RepairTheVillage/Content/Charachter/FB_low_17k_Fire_Boy_Emissive__1_.uasset" 282
"../../../../../UE4/RepairTheVillage/Content/Charachter/FB_low_17k_Fire_Boy_Normal.uasset" 283
"../../../../../UE4/RepairTheVillage/Content/Charachter/FB_low_17k_Fire_Boy_OcclusionRoughnessMetallic__1_.uasset" 284
"../../../../../UE4/RepairTheVillage/Content/Charachter/fb_low_copy1_001.uasset" 285
"../../../../../UE4/RepairTheVillage/Content/Charachter/PM3D_Sphere3D_1.uasset" 286
"../../../../../UE4/RepairTheVillage/Content/Charachter/Fireboy_-_Updated__1_.uasset" 287
"../../../../../UE4/RepairTheVillage/Content/Charachter/GirlScout_diffuse.uasset" 288
"../../../../../UE4/RepairTheVillage/Content/Charachter/GirlScout_normal.uasset" 289
"../../../../../UE4/RepairTheVillage/Content/Charachter/GirlScout_specular.uasset" 290
"../../../../../UE4/RepairTheVillage/Content/Charachter/GirlScoutZombie_Material.uasset" 291
"../../../../../UE4/RepairTheVillage/Content/Charachter/girlscout_t_masuyama_PhysicsAsset.uasset" 292
"../../../../../UE4/RepairTheVillage/Content/Charachter/girlscout_t_masuyama_Skeleton.uasset" 293
"../../../../../UE4/RepairTheVillage/Content/Charachter/girlscout_t_masuyama.uasset" 294
"../../../../../UE4/RepairTheVillage/Content/Charachter/girlscout_t_masuyama_Anim_mixamo_com.uasset" 295
"../../../../../UE4/RepairTheVillage/Content/Charachter/girlscout_t_masuyama_Anim_Take_001.uasset" 296
"../../../../../UE4/RepairTheVillage/Content/Charachter/Running__7_.uasset" 297
"../../../../../UE4/RepairTheVillage/Content/Charachter/FireBoy/fb_low_copy1_001.uasset" 298
"../../../../../UE4/RepairTheVillage/Content/Charachter/FireBoy/Dwarf_Walk__3__PhysicsAsset.uasset" 299
"../../../../../UE4/RepairTheVillage/Content/Charachter/FireBoy/Dwarf_Walk__3__Skeleton.uasset" 300
"../../../../../UE4/RepairTheVillage/Content/Charachter/FireBoy/Dwarf_Walk__3_.uasset" 301
"../../../../../UE4/RepairTheVillage/Content/Charachter/FireBoy/M_Opacity_Inst.uasset" 302
"../../../../../UE4/RepairTheVillage/Content/Charachter/FireBoy/image0__5_.uasset" 303
"../../../../../UE4/RepairTheVillage/Content/Charachter/FireBoy/M_Test.uasset" 304
"../../../../../UE4/RepairTheVillage/Content/Charachter/FireBoy/Running__8_.uasset" 305
"../../../../../UE4/RepairTheVillage/Content/Charachter/FireBoy/NewAnimations/Running__9__Anim.uasset" 306
"../../../../../UE4/RepairTheVillage/Content/Charachter/FireBoy/NewAnimations/Strut_Walking.uasset" 307
"../../../../../UE4/RepairTheVillage/Content/Charachter/FireBoy/NewAnimations/BlendSpace_walkToRun.uasset" 308
"../../../../../UE4/RepairTheVillage/Content/Charachter/FireBoy/NewAnimations/BSP_IDleWalkRun.uasset" 309
"../../../../../UE4/RepairTheVillage/Content/Charachter/FireBoy/NewAnimations/fb_low_copy1_001.uasset" 310
"../../../../../UE4/RepairTheVillage/Content/Charachter/FireBoy/NewAnimations/Running__9__PhysicsAsset.uasset" 311
"../../../../../UE4/RepairTheVillage/Content/Charachter/FireBoy/NewAnimations/new.uasset" 312
"../../../../../UE4/RepairTheVillage/Content/Charachter/FireBoy/NewAnimations/Standing_Melee_Attack_Horizontal__1_.uasset" 313
"../../../../../UE4/RepairTheVillage/Content/Charachter/NewestChar/Brutal_To_Happy_Walking__1__PhysicsAsset.uasset" 314
"../../../../../UE4/RepairTheVillage/Content/Charachter/NewestChar/Brutal_To_Happy_Walking__1__Skeleton.uasset" 315
"../../../../../UE4/RepairTheVillage/Content/Charachter/NewestChar/Brutal_To_Happy_Walking__1_.uasset" 316
"../../../../../UE4/RepairTheVillage/Content/Charachter/NewestChar/Brutal_To_Happy_Walking__1__Anim_mixamo_com.uasset" 317
"../../../../../UE4/RepairTheVillage/Content/Charachter/NewestChar/Brutal_To_Happy_Walking__1__Anim_Take_001.uasset" 318
"../../../../../UE4/RepairTheVillage/Content/Charachter/NewestCharClean/Bored.uasset" 319
"../../../../../UE4/RepairTheVillage/Content/Charachter/NewestCharClean/Dying.uasset" 320
"../../../../../UE4/RepairTheVillage/Content/Charachter/NewestCharClean/Player_Character.uasset" 321
"../../../../../UE4/RepairTheVillage/Content/Charachter/NewestCharClean/Standing_Melee_Attack_Downward.uasset" 322
"../../../../../UE4/RepairTheVillage/Content/Charachter/NewestCharClean/Walking_Anim_Take_001.uasset" 323
"../../../../../UE4/RepairTheVillage/Content/Materials/M_Wood.uasset" 324
"../../../../../UE4/RepairTheVillage/Content/Materials/MI_Grass.uasset" 325
"../../../../../UE4/RepairTheVillage/Content/Materials/MI_Stone.uasset" 326
"../../../../../UE4/RepairTheVillage/Content/Materials/MI_ToolBox.uasset" 327
"../../../../../UE4/RepairTheVillage/Content/Assets/Grass/M_Grass.uasset" 328
"../../../../../UE4/RepairTheVillage/Content/Materials/M_Grass.uasset" 329
"../../../../../UE4/RepairTheVillage/Content/Materials/M_WorldGround.uasset" 330
"../../../../../UE4/RepairTheVillage/Content/Materials/PP/download__6_.uasset" 331
"../../../Engine/Content/Functions/Engine_MaterialFunctions03/Math/RemapValueRange.uasset" 332
"../../../../../UE4/RepairTheVillage/Content/Materials/PP/PPMat2_FOG.uasset" 333
"../../../../../UE4/RepairTheVillage/Content/Materials/PP/PPMat2_FOG_Inst.uasset" 334
"../../../Engine/Content/Functions/Engine_MaterialFunctions02/Utility/BreakOutFloat4Components.uasset" 335
"../../../Engine/Content/Functions/Engine_MaterialFunctions02/Utility/MakeFloat4.uasset" 336
"../../../../../UE4/RepairTheVillage/Content/Materials/PP/PPMat_FOG1.uasset" 337
"../../../Engine/Content/Functions/Engine_MaterialFunctions02/Utility/BreakOutFloat3Components.uasset" 338
"../../../../../UE4/RepairTheVillage/Content/Materials/PP/PPMat_FOG.uasset" 339
"../../../../../UE4/RepairTheVillage/Content/Materials/PP/PPMat_FOGUSed.uasset" 340
"../../../../../UE4/RepairTheVillage/Content/Materials/PP/PPMat_FOG_Inst.uasset" 341
"../../../../../UE4/RepairTheVillage/Content/Materials/PP/PPMat_FOG_Inst1.uasset" 342
"../../../../../UE4/RepairTheVillage/Content/Materials/PP/PPMat_INGAMEFOG.uasset" 343
"../../../../../UE4/RepairTheVillage/Content/Materials/QuestStuff/M_QuestIcon.uasset" 344
"../../../../../UE4/RepairTheVillage/Content/Materials/QuestStuff/MI_ReadyToHandIn.uasset" 345
"../../../../../UE4/RepairTheVillage/Content/Materials/QuestStuff/M_ReadyToHandIn.uasset" 346
"../../../../../UE4/RepairTheVillage/Content/Assets/Grass/Grass.uasset" 347
"../../../../../UE4/RepairTheVillage/Content/Materials/Textures/Grass.uasset" 348
"../../../../../UE4/RepairTheVillage/Content/Movies/NewFileMediaSource.uasset" 349
"../../../../../UE4/RepairTheVillage/Content/UI/TitleScreen/Title_Screen_Video.uasset" 350
"../../../../../UE4/RepairTheVillage/Content/Movies/NewMediaPlaylist.uasset" 351
"../../../../../UE4/RepairTheVillage/Content/Particles/lambert1.uasset" 352
"../../../../../UE4/RepairTheVillage/Content/Particles/Material.uasset" 353
"../../../../../UE4/RepairTheVillage/Content/Particles/MI_GlowItemPickup.uasset" 354
"../../../../../UE4/RepairTheVillage/Content/Particles/M_GlowPart1.uasset" 355
"../../../Engine/Content/Functions/Engine_MaterialFunctions01/Density/ExponentialDensity.uasset" 356
"../../../Engine/Content/Functions/Engine_MaterialFunctions01/Gradient/RadialGradientExponential.uasset" 357
"../../../../../UE4/RepairTheVillage/Content/Particles/M_WoodChips.uasset" 358
"../../../../../UE4/RepairTheVillage/Content/Particles/M_WoodChipps.uasset" 359
"../../../../../UE4/RepairTheVillage/Content/Particles/MI_GlowIten1.uasset" 360
"../../../../../UE4/RepairTheVillage/Content/Particles/WoodChip1.uasset" 361
"../../../../../UE4/RepairTheVillage/Content/Particles/PS_HAT.uasset" 362
"../../../../../UE4/RepairTheVillage/Content/Particles/M_GlowPart_Inst.uasset" 363
"../../../../../UE4/RepairTheVillage/Content/Particles/snowy_snowflake.uasset" 364
"../../../../../UE4/RepairTheVillage/Content/Particles/P_FootDust.uasset" 365
"../../../Engine/Content/Functions/Engine_MaterialFunctions02/ValueStep.uasset" 366
"../../../../../UE4/RepairTheVillage/Content/Particles/M_FootDust.uasset" 367
"../../../../../UE4/RepairTheVillage/Content/Particles/SnowFlake.uasset" 368
"../../../../../UE4/RepairTheVillage/Content/Particles/T_Fireflies.uasset" 369
"../../../../../UE4/RepairTheVillage/Content/Particles/T_Noise01.uasset" 370
"../../../../../UE4/RepairTheVillage/Content/Particles/Dust/MP_BuildingDust.uasset" 371
"../../../../../UE4/RepairTheVillage/Content/Particles/Dust/2.uasset" 372
"../../../../../UE4/RepairTheVillage/Content/Particles/Dust/3.uasset" 373
"../../../../../UE4/RepairTheVillage/Content/Particles/Fire/3_2.uasset" 374
"../../../Engine/Content/Functions/Engine_MaterialFunctions01/ImageAdjustment/3ColorBlend.uasset" 375
"../../../../../UE4/RepairTheVillage/Content/Particles/Fire/M_CampFireParticle.uasset" 376
"../../../../../UE4/RepairTheVillage/Content/Particles/WaterFall/1_3.uasset" 377
"../../../../../UE4/RepairTheVillage/Content/Sounds/Axe_1.uasset" 378
"../../../../../UE4/RepairTheVillage/Content/Sounds/Axe_2.uasset" 379
"../../../../../UE4/RepairTheVillage/Content/Sounds/Axe_3.uasset" 380
"../../../../../UE4/RepairTheVillage/Content/Sounds/death_screen.uasset" 381
"../../../../../UE4/RepairTheVillage/Content/Sounds/ES_Manual_Drop_Book_-_SFX_Producer.uasset" 382
"../../../../../UE4/RepairTheVillage/Content/Sounds/ES_Newspaper_Drop_1_-_SFX_Producer.uasset" 383
"../../../../../UE4/RepairTheVillage/Content/Sounds/ES_Pamphlet_Open_Cover_-_SFX_Producer.uasset" 384
"../../../../../UE4/RepairTheVillage/Content/Sounds/ES_Step_Water_Splash_4_-_SFX_Producer.uasset" 385
"../../../../../UE4/RepairTheVillage/Content/Sounds/InGaameMusic.uasset" 386
"../../../../../UE4/RepairTheVillage/Content/Sounds/ruins_.uasset" 387
"../../../../../UE4/RepairTheVillage/Content/Sounds/newSounds/ES_Footsteps_Dirt_12_-_SFX_Producer.uasset" 388
"../../../../../UE4/RepairTheVillage/Content/Sounds/newSounds/ES_Footsteps_Dirt_29_-_SFX_Producer.uasset" 389
"../../../../../UE4/RepairTheVillage/Content/Sounds/newSounds/ES_Footsteps_Dirt_33_-_SFX_Producer.uasset" 390
"../../../../../UE4/RepairTheVillage/Content/Sounds/newSounds/ES_Footsteps_Dirt_7_-_SFX_Producer.uasset" 391
"../../../../../UE4/RepairTheVillage/Content/Sounds/newSounds/OpenUISound.uasset" 392
"../../../../../UE4/RepairTheVillage/Content/Sounds/newSounds/Run1.uasset" 393
"../../../../../UE4/RepairTheVillage/Content/Sounds/newSounds/run2.uasset" 394
"../../../../../UE4/RepairTheVillage/Content/Sounds/newSounds/Run3.uasset" 395
"../../../../../UE4/RepairTheVillage/Content/Sounds/newSounds/Run4.uasset" 396
"../../../../../UE4/RepairTheVillage/Content/Sounds/newSounds/UI/ES_Manual_Drop_Book_-_SFX_Producer.uasset" 397
"../../../../../UE4/RepairTheVillage/Content/Sounds/newSounds/UI/ES_Manual_Drop_Book_-_SFX_Producer1.uasset" 398
"../../../../../UE4/RepairTheVillage/Content/Sounds/newSounds/UI/ES_Manual_Drop_Book_-_SFX_Producer2.uasset" 399
"../../../../../UE4/RepairTheVillage/Content/Sounds/newSounds/UI/ES_Manual_Drop_Book_-_SFX_Producer3.uasset" 400
"../../../../../UE4/RepairTheVillage/Content/Sounds/waterSound/ES_Splash_Water_20_-_SFX_Producer.uasset" 401
"../../../../../UE4/RepairTheVillage/Content/Sounds/waterSound/SplashIn.uasset" 402
"../../../../../UE4/RepairTheVillage/Content/Sounds/waterSound/ES_Splash_Water_2_-_SFX_Producer.uasset" 403
"../../../../../UE4/RepairTheVillage/Content/Sounds/waterSound/SplashOut.uasset" 404
"../../../../../UE4/RepairTheVillage/Content/Sprites/3D-Stone-icon.uasset" 405
"../../../../../UE4/RepairTheVillage/Content/Sprites/SP_WoodIcon.uasset" 406
"../../Plugins/2D/Paper2D/Content/PlaceholderTextures/DummySpriteTexture.uasset" 407
"../../Plugins/2D/Paper2D/Content/DefaultSpriteMaterial.uasset" 408
"../../Plugins/2D/Paper2D/Content/TranslucentUnlitSpriteMaterial.uasset" 409
"../../../../../UE4/RepairTheVillage/Content/Sprites/SP_WoodIcon_Sprite.uasset" 410
"../../../../../UE4/RepairTheVillage/Content/UI/EscButton.uasset" 411
"../../../../../UE4/RepairTheVillage/Content/UI/Floating_Embert.uasset" 412
"../../../../../UE4/RepairTheVillage/Content/UI/Instructions_Arrow.uasset" 413
"../../../../../UE4/RepairTheVillage/Content/UI/Questlog_1.uasset" 414
"../../../../../UE4/RepairTheVillage/Content/UI/questOverlau.uasset" 415
"../../../../../UE4/RepairTheVillage/Content/UI/UIW_QuestLog1.uasset" 416
"../../../../../UE4/RepairTheVillage/Content/Floating_Embert__1_.uasset" 417
"../../../../../UE4/RepairTheVillage/Content/Sounds/ES_Paper_Pamphlet_9_-_SFX_Producer.uasset" 418
"../../../../../UE4/RepairTheVillage/Content/UI/TitleScreen/Credits_Button.uasset" 419
"../../../../../UE4/RepairTheVillage/Content/UI/TitleScreen/Credits_Screen.uasset" 420
"../../../../../UE4/RepairTheVillage/Content/UI/TitleScreen/Start_Button.uasset" 421
"../../../../../UE4/RepairTheVillage/Content/UI/TitleScreen/Titlescreen_Background.uasset" 422
"../../../../../UE4/RepairTheVillage/Content/UI/MenuScreen/UI_TheMainMenu.uasset" 423
"../../../../../UE4/RepairTheVillage/Content/UI/UI_TheMainMenu.uasset" 424
"../../../../../UE4/RepairTheVillage/Content/Movies/NewMediaPlayer.uasset" 425
"../../../../../UE4/RepairTheVillage/Content/Movies/NewMediaPlayer_Video.uasset" 426
"../../../../../UE4/RepairTheVillage/Content/UI/TitleScreen/M_Video.uasset" 427
"../../../../../UE4/RepairTheVillage/Content/UI/TitleScreen/TitleScreen.uasset" 428
"../../../../../UE4/RepairTheVillage/Content/UI/TitleScreen/TitleScreen_Video.uasset" 429
"../../../Engine/Content/Animation/DefaultAnimCurveCompressionSettings.uasset" 430
"../../../Engine/Content/ArtTools/RenderToTexture/Meshes/S_1_Unit_Plane.uasset" 431
"../../../Engine/Content/BasicShapes/Plane.uasset" 432
"../../../Engine/Content/BasicShapes/Sphere.uasset" 433
"../../../Engine/Content/EditorLandscapeResources/DataLayer.uasset" 434
"../../../Engine/Content/EditorMaterials/MAT_Groups_Toggle.uasset" 435
"../../../Engine/Content/EditorMaterials/MAT_Groups_Visibility.uasset" 436
"../../../Engine/Content/EditorMaterials/PreviewShadowIndicator.uasset" 437
"../../../Engine/Content/EditorMaterials/PreviewShadowIndicatorMaterial.uasset" 438
"../../../Engine/Content/EditorMaterials/MatineeGroups/MAT_ColorTrack.uasset" 439
"../../../Engine/Content/EditorMaterials/MatineeGroups/MAT_Groups_Anim.uasset" 440
"../../../Engine/Content/EditorMaterials/MatineeGroups/MAT_Groups_AudioMaster.uasset" 441
"../../../Engine/Content/EditorMaterials/MatineeGroups/MAT_Groups_Director.uasset" 442
"../../../Engine/Content/EditorMaterials/MatineeGroups/MAT_Groups_Event.uasset" 443
"../../../Engine/Content/EditorMaterials/MatineeGroups/MAT_Groups_Fade.uasset" 444
"../../../Engine/Content/EditorMaterials/MatineeGroups/MAT_Groups_Float.uasset" 445
"../../../Engine/Content/EditorMaterials/MatineeGroups/MAT_Groups_Move.uasset" 446
"../../../Engine/Content/EditorMaterials/MatineeGroups/MAT_Groups_Slomo.uasset" 447
"../../../Engine/Content/EditorMaterials/MatineeGroups/MAT_Groups_Sound.uasset" 448
"../../../Engine/Content/EditorMaterials/MatineeGroups/MAT_Groups_Vector.uasset" 449
"../../../Engine/Content/EditorMaterials/ParticleSystems/PSysThumbnail_NoImage.uasset" 450
"../../../Engine/Content/EditorMaterials/ParticleSystems/PSysThumbnail_OOD.uasset" 451
"../../../Engine/Content/EditorMaterials/Camera/CineMat.uasset" 452
"../../../Engine/Content/EditorMaterials/Camera/MI_CineMat_Rig.uasset" 453
"../../../Engine/Content/EditorMeshes/Camera/SM_CraneRig_Arm.uasset" 454
"../../../Engine/Content/EditorMeshes/Camera/SM_CraneRig_Base.uasset" 455
"../../../Engine/Content/EditorMeshes/Camera/SM_CraneRig_Body.uasset" 456
"../../../Engine/Content/EditorMeshes/Camera/SM_CraneRig_Mount.uasset" 457
"../../../Engine/Content/EditorMeshes/Camera/SM_RailRig_Mount.uasset" 458
"../../../Engine/Content/EditorMeshes/Camera/SM_RailRig_Track.uasset" 459
"../../../Engine/Content/EditorResources/BSPVertex.uasset" 460
"../../../Engine/Content/EditorResources/EmptyActor.uasset" 461
"../../../Engine/Content/EditorResources/S_Actor.uasset" 462
"../../../Engine/Content/EditorResources/S_Note.uasset" 463
"../../../Engine/Content/EditorResources/S_Solver.uasset" 464
"../../../Engine/Content/EditorResources/S_Trigger.uasset" 465
"../../../Engine/Content/EditorResources/LightIcons/S_LightError.uasset" 466
"../../../Engine/Content/EditorResources/SequenceRecorder/Countdown.uasset" 467
"../../../Engine/Content/EditorResources/SequenceRecorder/RecordingIndicator.uasset" 468
"../../../Engine/Content/EditorSounds/Notifications/CompileFailed.uasset" 469
"../../../Engine/Content/EditorSounds/Notifications/CompileFailed_Cue.uasset" 470
"../../../Engine/Content/EditorSounds/Notifications/CompileSuccess.uasset" 471
"../../../Engine/Content/EditorSounds/Notifications/CompileStart_Cue.uasset" 472
"../../../Engine/Content/EditorSounds/Notifications/CompileSuccess_Cue.uasset" 473
"../../../Engine/Content/EngineDamageTypes/DmgTypeBP_Environmental.uasset" 474
"../../../Engine/Content/EngineDebugMaterials/DebugEditorMaterial.uasset" 475
"../../../Engine/Content/EngineDebugMaterials/DebugMeshMaterial.uasset" 476
"../../../Engine/Content/EngineDebugMaterials/M_SimpleUnlitTranslucent.uasset" 477
"../../../Engine/Content/Functions/Engine_MaterialFunctions02/Utility/CameraDirectionVector.uasset" 478
"../../../Engine/Content/EngineDebugMaterials/VolumeToRender.uasset" 479
"../../../Engine/Content/EngineDebugMaterials/M_VolumeRenderSphereTracePP.uasset" 480
"../../../Engine/Content/EngineDebugMaterials/WireframeMaterial.uasset" 481
"../../../Engine/Content/EngineFonts/Faces/DroidSansFallback.uasset" 482
"../../../Engine/Content/EngineFonts/Faces/RobotoBold.uasset" 483
"../../../Engine/Content/EngineFonts/Faces/RobotoBoldItalic.uasset" 484
"../../../Engine/Content/EngineFonts/Faces/RobotoItalic.uasset" 485
"../../../Engine/Content/EngineFonts/Faces/RobotoLight.uasset" 486
"../../../Engine/Content/EngineFonts/Faces/RobotoRegular.uasset" 487
"../../../Engine/Content/EngineFonts/Roboto.uasset" 488
"../../../Engine/Content/EngineMaterials/BaseFlattenMaterial.uasset" 489
"../../../Engine/Content/EngineMaterials/BlueNoise.uasset" 490
"../../../Engine/Content/EngineMaterials/DefaultBloomKernel.uasset" 491
"../../../Engine/Content/EngineMaterials/DefaultBokeh.uasset" 492
"../../../Engine/Content/EngineMaterials/DefaultDeferredDecalMaterial.uasset" 493
"../../../Engine/Content/EngineMaterials/DefaultLightFunctionMaterial.uasset" 494
"../../../Engine/Content/Functions/Engine_MaterialFunctions02/Utility/BreakOutFloat2Components.uasset" 495
"../../../Engine/Content/EngineMaterials/DefaultPostProcessMaterial.uasset" 496
"../../../Engine/Content/EngineFonts/RobotoDistanceField.uasset" 497
"../../../Engine/Content/EngineMaterials/DefaultTextMaterialOpaque.uasset" 498
"../../../Engine/Content/EngineMaterials/DefaultWhiteGrid.uasset" 499
"../../../Engine/Content/EngineMaterials/DefaultWhiteGrid_Low.uasset" 500
"../../../Engine/Content/EngineMaterials/EmissiveMeshMaterial.uasset" 501
"../../../Engine/Content/EngineMaterials/GizmoMaterial.uasset" 502
"../../../Engine/Content/EngineMaterials/MiniFont.uasset" 503
"../../../Engine/Content/EngineMaterials/InvalidLightmapSettings.uasset" 504
"../../../Engine/Content/EngineMaterials/M_InvalidLightmapSettings.uasset" 505
"../../../Engine/Content/Functions/Engine_MaterialFunctions02/WorldPositionOffset/CameraOffset.uasset" 506
"../../../Engine/Content/EngineMaterials/PhAT_JointLimitMaterial.uasset" 507
"../../../Engine/Content/EngineMaterials/PreintegratedSkinBRDF.uasset" 508
"../../../Engine/Content/EngineMaterials/RemoveSurfaceMaterial.uasset" 509
"../../../Engine/Content/EngineResources/WhiteSquareTexture.uasset" 510
"../../../Engine/Content/EngineMaterials/Widget3DPassThrough.uasset" 511
"../../../Engine/Content/EngineMaterials/Widget3DPassThrough_Masked.uasset" 512
"../../../Engine/Content/EngineMaterials/Widget3DPassThrough_Opaque.uasset" 513
"../../../Engine/Content/EngineMaterials/Widget3DPassThrough_Masked_OneSided.uasset" 514
"../../../Engine/Content/EngineMaterials/Widget3DPassThrough_Opaque_OneSided.uasset" 515
"../../../Engine/Content/EngineMaterials/Widget3DPassThrough_Translucent.uasset" 516
"../../../Engine/Content/EngineMaterials/Widget3DPassThrough_Translucent_OneSided.uasset" 517
"../../../Engine/Content/EngineMeshes/Cylinder.uasset" 518
"../../../Engine/Content/EngineMeshes/Sphere.uasset" 519
"../../../Engine/Content/EngineResources/Black.uasset" 520
"../../../Engine/Content/EngineResources/DefaultTexture.uasset" 521
"../../../Engine/Content/EngineResources/DefaultTextureCube.uasset" 522
"../../../Engine/Content/EngineResources/DefaultVolumeTexture2D.uasset" 523
"../../../Engine/Content/EngineResources/DefaultVolumeTexture.uasset" 524
"../../../Engine/Content/EngineResources/GradientTexture0.uasset" 525
"../../../Engine/Content/EngineSounds/Master.uasset" 526
"../../../Engine/Content/Functions/Engine_MaterialFunctions01/Shading/ConvertFromDiffSpec.uasset" 527
"../../../Engine/Content/Functions/Engine_MaterialFunctions01/Shading/PowerToRoughness.uasset" 528
"../../../Engine/Content/Maps/Templates/Thumbnails/Default.uasset" 529
"../../../Engine/Content/Maps/Templates/Thumbnails/TimeOfDay.uasset" 530
"../../../Engine/Content/Maps/Templates/Thumbnails/VR-Basic.uasset" 531
"../../../Engine/Content/MobileResources/T_MobileControls_texture.uasset" 532
"../../../Engine/Content/MobileResources/T_MobileMenu2.uasset" 533
"../../../Engine/Content/MobileResources/HUD/AnalogHat.uasset" 534
"../../../Engine/Content/MobileResources/HUD/VirtualJoystick_Background.uasset" 535
"../../../Engine/Content/MobileResources/HUD/VirtualJoystick_Thumb.uasset" 536
"../../../Engine/Content/MobileResources/HUD/DefaultVirtualJoysticks.uasset" 537
"../../../Engine/Content/MobileResources/HUD/LeftVirtualJoystickOnly.uasset" 538
"../../../Engine/Content/MobileResources/HUD/MobileHUDButton1_off.uasset" 539
"../../../Engine/Content/MobileResources/HUD/MobileHUDButton1_on.uasset" 540
"../../../Engine/Content/MobileResources/HUD/MobileHUDButton2_off.uasset" 541
"../../../Engine/Content/MobileResources/HUD/MobileHUDButton2_on.uasset" 542
"../../../Engine/Content/MobileResources/HUD/MobileHUDButton3.uasset" 543
"../../../Engine/Content/MobileResources/HUD/MobileHUDButtonFire.uasset" 544
"../../../Engine/Content/MobileResources/HUD/MobileHUDDirectionPad.uasset" 545
"../../../Engine/Content/MobileResources/HUD/MobileHUDDirectionPad2.uasset" 546
"../../../Engine/Content/MobileResources/HUD/MobileHUDDirectionPad3.uasset" 547
"../../../Engine/Content/MobileResources/HUD/MobileHUDDirectionStick.uasset" 548
"../../../Engine/Content/MobileResources/HUD/T_Castle_ThumbstickInner.uasset" 549
"../../../Engine/Content/MobileResources/HUD/T_Castle_ThumbstickOutter.uasset" 550
"../../../Engine/Content/Tutorial/ContentIntroCurve.uasset" 551
"../../../Engine/Content/Tutorial/Basics/LevelEditorAttract.uasset" 552
"../../../Engine/Content/Tutorial/Basics/TutorialAssets/icon_tab_Levels_40x.uasset" 553
"../../../Engine/Content/Tutorial/Basics/LevelEditorOverview.uasset" 554
"../../../Engine/Content/Tutorial/BlueprintTutorials/TutorialAssets/Blueprint_64x.uasset" 555
"../../../Engine/Content/Tutorial/BlueprintTutorials/BlueprintEditorTutorial.uasset" 556
"../../../Engine/Content/Tutorial/SubEditors/GettingSubstance.uasset" 557
"../../../Engine/Content/VREditor/LaserPointer/VR_LaserPower_01.uasset" 558
"../../../Engine/Content/VREditor/TransformGizmo/TransformGizmoMaterial.uasset" 559
"../../../Engine/Content/VREditor/TransformGizmo/TranslucentTransformGizmoMaterial.uasset" 560
"../../../Engine/Content/VREditor/TransformGizmo/BoundingBoxCorner.uasset" 561
"../../../Engine/Content/VREditor/TransformGizmo/BoundingBoxEdge.uasset" 562
"../../../Engine/Content/VREditor/TransformGizmo/PlaneTranslationHandle.uasset" 563
"../../../Engine/Content/VREditor/TransformGizmo/Main.uasset" 564
"../../../Engine/Content/VREditor/TransformGizmo/Xray.uasset" 565
"../../../Engine/Content/VREditor/TransformGizmo/SM_Sequencer_Key.uasset" 566
"../../../Engine/Content/VREditor/TransformGizmo/SM_Sequencer_Node.uasset" 567
"../../Plugins/2D/Paper2D/Content/DummySprite.uasset" 568
"../../Plugins/2D/Paper2D/Content/DefaultPaperTerrainMaterial.uasset" 569
"../../Plugins/2D/Paper2D/Content/MaskedUnlitSpriteMaterial.uasset" 570
"../../Plugins/2D/Paper2D/Content/OpaqueUnlitSpriteMaterial.uasset" 571
"../../Plugins/FX/Niagara/Content/Enums/ENiagaraBooleanLogicOps.uasset" 572
"../../Plugins/FX/Niagara/Content/Enums/ENiagaraCoordinateSpace.uasset" 573
"../../Plugins/FX/Niagara/Content/Enums/ENiagaraExpansionMode.uasset" 574
"../../Plugins/FX/Niagara/Content/Enums/ENiagaraOrientationAxis.uasset" 575
"../../Plugins/FX/Niagara/Content/Enums/ENiagaraRandomnessMode.uasset" 576
"../../../Engine/Content/Functions/Engine_MaterialFunctions02/Utility/MakeFloat2.uasset" 577
"../../../Engine/Content/Functions/Engine_MaterialFunctions02/Utility/MakeFloat3.uasset" 578
"../../Plugins/Runtime/Oculus/OculusVR/Content/Materials/OculusMR_ChromaKey.uasset" 579
"../../Plugins/Runtime/Oculus/OculusVR/Content/Materials/OculusMR_ChromaKey_Lit.uasset" 580
"../../Plugins/Runtime/Oculus/OculusVR/Content/Materials/OculusMR_OpaqueColoredMaterial.uasset" 581
"../../Plugins/Runtime/Oculus/OculusVR/Content/Materials/OculusMR_WhiteMaterial.uasset" 582
"../../../Engine/Content/EngineSky/C_Sky_Cloud_Color.uasset" 583
"../../../Engine/Content/EngineSky/C_Sky_Horizon_Color.uasset" 584
"../../../Engine/Content/EngineSky/C_Sky_Zenith_Color.uasset" 585
"../../../Engine/Content/EngineSky/T_Sky_Blue.uasset" 586
"../../../Engine/Content/EngineSky/T_Sky_Clouds_M.uasset" 587
"../../../Engine/Content/EngineSky/T_Sky_Stars.uasset" 588
"../../../Engine/Content/EngineSky/M_Sky_Panning_Clouds2.uasset" 589
"../../../Engine/Content/EngineSky/SM_SkySphere.uasset" 590
"../../../Engine/Content/EngineSky/BP_Sky_Sphere.uasset" 591
"../../../../../UE4/RepairTheVillage/Content/level1_BuiltData.uasset" 592
"../../../Engine/Content/MapTemplates/SM_Template_Map_Floor.uasset" 593
"../../../../../UE4/RepairTheVillage/Content/level1.umap" 594
"../../../../../UE4/RepairTheVillage/Content/Movies/newnewTitleSceen.uasset" 595
"../../../../../UE4/RepairTheVillage/Content/Sounds/ES_Sterno_Flame_2_-_SFX_Producer__1_.uasset" 596
"../../../../../UE4/RepairTheVillage/Content/menu.umap" 597
"../../../Engine/Content/Functions/Engine_MaterialFunctions02/Texturing/ScreenAlignedPixelToPixelUVs.uasset" 598
"../../../Engine/Content/EngineMaterials/Good64x64TilingNoiseHighFreq.uasset" 599
"../../../Engine/Content/Functions/Engine_MaterialFunctions02/Utility/DitherTemporalAA.uasset" 600
"../../../../../UE4/RepairTheVillage/Content/Assets/City/LargeArchedBuildign/First_Floor_Tex_BaseColor.uasset" 601
"../../../../../UE4/RepairTheVillage/Content/Assets/City/LargeArchedBuildign/First_Floor_Tex_Normal.uasset" 602
"../../../../../UE4/RepairTheVillage/Content/Assets/City/LargeArchedBuildign/First_Floor_Tex_OcclusionRoughnessMetallic.uasset" 603
"../../../../../UE4/RepairTheVillage/Content/Assets/City/LargeArchedBuildign/First_Floor_Tex_Opacity.uasset" 604
"../../../../../UE4/RepairTheVillage/Content/Assets/City/LargeArchedBuildign/M_LargeBuildingBottom.uasset" 605
"../../../../../UE4/RepairTheVillage/Content/Assets/City/LargeArchedBuildign/Large_Arched_Building_FBX_First_Floor.uasset" 606
"../../../../../UE4/RepairTheVillage/Content/Assets/City/LargeArchedBuildign/Second_Floor_Tex_BaseColor.uasset" 607
"../../../../../UE4/RepairTheVillage/Content/Assets/City/LargeArchedBuildign/Second_Floor_Tex_Normal.uasset" 608
"../../../../../UE4/RepairTheVillage/Content/Assets/City/LargeArchedBuildign/Second_Floor_Tex_OcclusionRoughnessMetallic.uasset" 609
"../../../../../UE4/RepairTheVillage/Content/Assets/City/LargeArchedBuildign/M_LargeArchedSecondFloor.uasset" 610
"../../../../../UE4/RepairTheVillage/Content/Assets/City/LargeArchedBuildign/Large_Arched_Building_FBX_Second_Floor.uasset" 611
"../../../../../UE4/RepairTheVillage/Content/Assets/City/LargeArchedBuildign/BP_LargeArchedBuildign.uasset" 612
"../../../../../UE4/RepairTheVillage/Content/Assets/Envioremntr/Torches/Cave/M_BaseAsset1.uasset" 613
"../../../../../UE4/RepairTheVillage/Content/Assets/Envioremntr/Torches/Cave/Cave_Torch_Tex_BaseColor.uasset" 614
"../../../../../UE4/RepairTheVillage/Content/Assets/Envioremntr/Torches/Cave/Cave_Torch_Tex_Normal.uasset" 615
"../../../../../UE4/RepairTheVillage/Content/Assets/Envioremntr/Torches/Cave/Cave_Torch_Tex_OcclusionRoughnessMetallic.uasset" 616
"../../../../../UE4/RepairTheVillage/Content/Assets/Envioremntr/Torches/Cave/MI_CaveTorch.uasset" 617
"../../../../../UE4/RepairTheVillage/Content/Assets/Envioremntr/Torches/Cave/Cave_Torch_FBX.uasset" 618
"../../../Engine/Content/Functions/Engine_MaterialFunctions02/Utility/LinearSine.uasset" 619
"../../../../../UE4/RepairTheVillage/Content/Materials/TX_LineralGrad.uasset" 620
"../../../../../UE4/RepairTheVillage/Content/MGlowCircle.uasset" 621
"../../../../../UE4/RepairTheVillage/Content/GlowwCircle.uasset" 622
"../../../../../UE4/RepairTheVillage/Content/Particles/Fire/1_2.uasset" 623
"../../../../../UE4/RepairTheVillage/Content/Particles/Fire/PS_TikiTorech.uasset" 624
"../../../../../UE4/RepairTheVillage/Content/Assets/Envioremntr/Torches/Cave/BP_CaveTorch.uasset" 625
"../../../../../UE4/RepairTheVillage/Content/Assets/NPCStuff/Ex_Mark__Tex_Normal.uasset" 626
"../../../../../UE4/RepairTheVillage/Content/Assets/NPCStuff/M_Exclamation.uasset" 627
"../../../../../UE4/RepairTheVillage/Content/Assets/NPCStuff/Exclamation_FBX_Exclamation_FBX.uasset" 628
"../../../../../UE4/RepairTheVillage/Content/Assets/NPCStuff/Exclamation_FBX_Exclamation_Ring_FBX.uasset" 629
"../../../../../UE4/RepairTheVillage/Content/Assets/NPCStuff/BP_Exlamation.uasset" 630
"../../../../../UE4/RepairTheVillage/Content/Assets/City/SmallArchedBuildign/Building_low_Smaller_Building_BaseColor.uasset" 631
"../../../../../UE4/RepairTheVillage/Content/Assets/City/SmallArchedBuildign/Building_low_Smaller_Building_Normal.uasset" 632
"../../../../../UE4/RepairTheVillage/Content/Assets/City/SmallArchedBuildign/Building_low_Smaller_Building_OcclusionRoughnessMetallic.uasset" 633
"../../../../../UE4/RepairTheVillage/Content/Assets/City/SmallArchedBuildign/Opacity.uasset" 634
"../../../../../UE4/RepairTheVillage/Content/Assets/City/SmallArchedBuildign/Smaller_Building.uasset" 635
"../../../../../UE4/RepairTheVillage/Content/Assets/City/SmallArchedBuildign/Small_Arched_Building_FBX.uasset" 636
"../../../../../UE4/RepairTheVillage/Content/Assets/WorkShop/Anvil/Anvil_Tex_BaseColor.uasset" 637
"../../../../../UE4/RepairTheVillage/Content/Assets/WorkShop/Anvil/Anvil_Tex_Normal.uasset" 638
"../../../../../UE4/RepairTheVillage/Content/Assets/WorkShop/Anvil/Anvil_Tex_OcclusionRoughnessMetallic.uasset" 639
"../../../../../UE4/RepairTheVillage/Content/Assets/WorkShop/Anvil/M_Anvil.uasset" 640
"../../../../../UE4/RepairTheVillage/Content/Assets/WorkShop/Anvil/Anvil_FBX.uasset" 641
"../../../../../UE4/RepairTheVillage/Content/Assets/WorkShop/Furnace/Furnace_Tex_BaseColor.uasset" 642
"../../../../../UE4/RepairTheVillage/Content/Assets/WorkShop/Furnace/Furnace_Tex_Emissive.uasset" 643
"../../../../../UE4/RepairTheVillage/Content/Assets/WorkShop/Furnace/Furnace_Tex_Normal.uasset" 644
"../../../../../UE4/RepairTheVillage/Content/Assets/WorkShop/Furnace/Furnace_Tex_OcclusionRoughnessMetallic.uasset" 645
"../../../../../UE4/RepairTheVillage/Content/Assets/WorkShop/Furnace/M_Furncae.uasset" 646
"../../../../../UE4/RepairTheVillage/Content/Assets/WorkShop/Furnace/Furnace_FBX.uasset" 647
"../../../../../UE4/RepairTheVillage/Content/Assets/WorkShop/WorkTable/Table_Tex_BaseColor.uasset" 648
"../../../../../UE4/RepairTheVillage/Content/Assets/WorkShop/WorkTable/Table_Tex_Normal.uasset" 649
"../../../../../UE4/RepairTheVillage/Content/Assets/WorkShop/WorkTable/Table_Tex_OcclusionRoughnessMetallic.uasset" 650
"../../../../../UE4/RepairTheVillage/Content/Assets/WorkShop/WorkTable/M_Workplace.uasset" 651
"../../../../../UE4/RepairTheVillage/Content/Assets/WorkShop/WorkTable/Work_Table_FBX.uasset" 652
"../../../../../UE4/RepairTheVillage/Content/Particles/Dust/1.uasset" 653
"../../../../../UE4/RepairTheVillage/Content/Particles/Dust/PS_BuildingDustWorkshop.uasset" 654
"../../../../../UE4/RepairTheVillage/Content/Assets/WorkShop/BP_WorkShop.uasset" 655
"../../../../../UE4/RepairTheVillage/Content/BluePrints/BP_SafeZone.uasset" 656
"../../../../../UE4/RepairTheVillage/Content/Particles/Fire/PS_CampFire.uasset" 657
"../../../../../UE4/RepairTheVillage/Content/BluePrints/InWorldProps/BP_CampFire.uasset" 658
"../../../../../UE4/RepairTheVillage/Content/Assets/Envioremntr/Torches/Tiki_Torch_Tex_BaseColor.uasset" 659
"../../../../../UE4/RepairTheVillage/Content/Assets/Envioremntr/Torches/Tiki_Torch_Tex_Normal.uasset" 660
"../../../../../UE4/RepairTheVillage/Content/Assets/Envioremntr/Torches/Tiki_Torch_Tex_OcclusionRoughnessMetallic.uasset" 661
"../../../../../UE4/RepairTheVillage/Content/Assets/Envioremntr/Torches/M_TikiTorch.uasset" 662
"../../../../../UE4/RepairTheVillage/Content/Assets/Envioremntr/Torches/Tiki_Torch_FBX.uasset" 663
"../../../../../UE4/RepairTheVillage/Content/BluePrints/InWorldProps/BP_TikiTorch.uasset" 664
"../../../../../UE4/RepairTheVillage/Content/WaveTextureDarker.uasset" 665
"../../../../../UE4/RepairTheVillage/Content/WaterShader2.uasset" 666
"../../../../../UE4/RepairTheVillage/Content/RiverMeshBlendee.uasset" 667
"../../../../../UE4/RepairTheVillage/Content/BluePrints/InWorldProps/BP_water.uasset" 668
"../../../../../UE4/RepairTheVillage/Content/Assets/City/SmalHouse/Cloth_Opacity.uasset" 669
"../../../../../UE4/RepairTheVillage/Content/Assets/City/SmalHouse/House_Outer_Colour.uasset" 670
"../../../../../UE4/RepairTheVillage/Content/Assets/City/SmalHouse/House_Outer_Emissive.uasset" 671
"../../../../../UE4/RepairTheVillage/Content/Assets/City/SmalHouse/House_Outer_Normal.uasset" 672
"../../../../../UE4/RepairTheVillage/Content/Assets/City/SmalHouse/House_Outer_OcclusionRoughnessMetallic.uasset" 673
"../../../../../UE4/RepairTheVillage/Content/Assets/City/SmalHouse/M_SmallHouseOut.uasset" 674
"../../../../../UE4/RepairTheVillage/Content/Assets/City/SmalHouse/Broken/Broken_house_low_SmallHouseLow_BaseColor.uasset" 675
"../../../../../UE4/RepairTheVillage/Content/Assets/City/SmalHouse/Broken/Broken_house_low_SmallHouseLow_Normal.uasset" 676
"../../../../../UE4/RepairTheVillage/Content/Assets/City/SmalHouse/Broken/Broken_house_low_SmallHouseLow_OcclusionRoughnessMetallic.uasset" 677
"../../../../../UE4/RepairTheVillage/Content/Assets/City/SmalHouse/Broken/M_BrokenHouse.uasset" 678
"../../../../../UE4/RepairTheVillage/Content/Assets/City/SmalHouse/Broken/Broken_House_FBX.uasset" 679
"../../../../../UE4/RepairTheVillage/Content/Assets/City/SmalHouse/Small_House_FBX_Outer_House_Low.uasset" 680
"../../../../../UE4/RepairTheVillage/Content/Assets/City/SmalHouse/Small_House_FBX_Small_House_Low.uasset" 681
"../../../../../UE4/RepairTheVillage/Content/Particles/Dust/PS_BuildingDust.uasset" 682
"../../../../../UE4/RepairTheVillage/Content/Sounds/newSounds/HamerHit.uasset" 683
"../../../../../UE4/RepairTheVillage/Content/Sounds/newSounds/SawCut.uasset" 684
"../../../../../UE4/RepairTheVillage/Content/Sounds/newSounds/SFX_HouseDrop.uasset" 685
"../../../../../UE4/RepairTheVillage/Content/BluePrints/InWorldProps/QuestRewardBuildigns/BP_RockNPCHouse.uasset" 686
"../../../../../UE4/RepairTheVillage/Content/BluePrints/InWorldProps/Stones/BP_Destroyable_Stone.uasset" 687
"../../../../../UE4/RepairTheVillage/Content/Assets/Items/Logs/log_Birch_BaseColor.uasset" 688
"../../../../../UE4/RepairTheVillage/Content/Assets/Items/Logs/M_BirchWood_Item.uasset" 689
"../../../../../UE4/RepairTheVillage/Content/UI/Icons/Birch_THUMBNAIL.uasset" 690
"../../../../../UE4/RepairTheVillage/Content/BluePrints/Items/BP_Item_Birch.uasset" 691
"../../../../../UE4/RepairTheVillage/Content/Assets/Envioremntr/Birch/Chopped/Chopped_Birch_Tex_BaseColor.uasset" 692
"../../../../../UE4/RepairTheVillage/Content/Assets/Envioremntr/Birch/Chopped/Chopped_Birch_Tex_Normal.uasset" 693
"../../../../../UE4/RepairTheVillage/Content/Assets/Envioremntr/Birch/Chopped/Chopped_Birch_Tex_OcclusionRoughnessMetallic.uasset" 694
"../../../../../UE4/RepairTheVillage/Content/Assets/Envioremntr/Birch/Chopped/M_ChoppedBirch.uasset" 695
"../../../../../UE4/RepairTheVillage/Content/Assets/Envioremntr/Birch/Chopped/Chopped_Birch_FBX.uasset" 696
"../../../../../UE4/RepairTheVillage/Content/BluePrints/InWorldProps/Trees/BP_DestroyablePropBirch.uasset" 697
"../../../../../UE4/RepairTheVillage/Content/Assets/Envioremntr/Birch/Birch_Tex_BaseColor.uasset" 698
"../../../../../UE4/RepairTheVillage/Content/Assets/Envioremntr/Birch/Birch_Tex_Normal.uasset" 699
"../../../../../UE4/RepairTheVillage/Content/Assets/Envioremntr/Birch/Birch_Tex_OcclusionRoughnessMetallic.uasset" 700
"../../../../../UE4/RepairTheVillage/Content/Assets/Envioremntr/Birch/Birch_Tex.uasset" 701
"../../../../../UE4/RepairTheVillage/Content/Assets/Envioremntr/Birch/Birch_FBX.uasset" 702
"../../../../../UE4/RepairTheVillage/Content/BluePrints/InWorldProps/Trees/BP_BirchTreeFoal.uasset" 703
"../../../../../UE4/RepairTheVillage/Content/Assets/Envioremntr/Oak/Oak_Tree_Tex_BaseColor__1_.uasset" 704
"../../../../../UE4/RepairTheVillage/Content/Assets/Envioremntr/Oak/Oak_Tree_Tex_Normal__1_.uasset" 705
"../../../../../UE4/RepairTheVillage/Content/Assets/Envioremntr/Oak/Oak_Tree_Tex_OcclusionRoughnessMetallic__1_.uasset" 706
"../../../../../UE4/RepairTheVillage/Content/Assets/Envioremntr/Oak/M_OakTree.uasset" 707
"../../../../../UE4/RepairTheVillage/Content/Assets/Envioremntr/Oak/Oak_FBX.uasset" 708
"../../../../../UE4/RepairTheVillage/Content/BluePrints/InWorldProps/Trees/BP_OakTreees.uasset" 709
"../../../../../UE4/RepairTheVillage/Content/UI/Icons/Axe_THUMBNAIL.uasset" 710
"../../../../../UE4/RepairTheVillage/Content/BluePrints/Items/BP_Item_AXE.uasset" 711
"../../../../../UE4/RepairTheVillage/Content/Assets/Items/GemStone/Gem_Tex_BaseColor.uasset" 712
"../../../../../UE4/RepairTheVillage/Content/Assets/Items/GemStone/Gem_Tex_Emissive.uasset" 713
"../../../../../UE4/RepairTheVillage/Content/Assets/Items/GemStone/Gem_Tex_Normal.uasset" 714
"../../../../../UE4/RepairTheVillage/Content/Assets/Items/GemStone/Gem_Tex_OcclusionRoughnessMetallic.uasset" 715
"../../../../../UE4/RepairTheVillage/Content/Materials/M_Gem.uasset" 716
"../../../../../UE4/RepairTheVillage/Content/Assets/Items/GemStone/Gemstone_FBX.uasset" 717
"../../../../../UE4/RepairTheVillage/Content/Particles/GemGlow/MI_GemGlowPar.uasset" 718
"../../../../../UE4/RepairTheVillage/Content/Particles/GemGlow/WoodChip2.uasset" 719
"../../../../../UE4/RepairTheVillage/Content/Particles/GemGlow/PS_GemGlow.uasset" 720
"../../../../../UE4/RepairTheVillage/Content/UI/Icons/Gem_THUMBNAIL.uasset" 721
"../../../../../UE4/RepairTheVillage/Content/BluePrints/Items/BP_Item_Gem.uasset" 722
"../../../../../UE4/RepairTheVillage/Content/UI/Icons/Pickaxe_THUMBNAIL__1_.uasset" 723
"../../../../../UE4/RepairTheVillage/Content/BluePrints/Items/BP_Item_PickAxe.uasset" 724
"../../../../../UE4/RepairTheVillage/Content/Assets/Items/ToolBox/Toolbox_Tex_BaseColor.uasset" 725
"../../../../../UE4/RepairTheVillage/Content/Assets/Items/ToolBox/Toolbox_Tex_Normal.uasset" 726
"../../../../../UE4/RepairTheVillage/Content/Assets/Items/ToolBox/Toolbox_Tex_OcclusionRoughnessMetallic.uasset" 727
"../../../../../UE4/RepairTheVillage/Content/Assets/Items/ToolBox/M_ToolBox.uasset" 728
"../../../../../UE4/RepairTheVillage/Content/Assets/Items/ToolBox/Toolbox_FBX.uasset" 729
"../../../../../UE4/RepairTheVillage/Content/UI/Icons/Toolbox_THUMBNAIL.uasset" 730
"../../../../../UE4/RepairTheVillage/Content/BluePrints/Items/BP_Item_ToolBox.uasset" 731
"../../../../../UE4/RepairTheVillage/Content/UI/NPCICons/Blobby_Boi_Icon.uasset" 732
"../../../../../UE4/RepairTheVillage/Content/BluePrints/NPCs/BloobyGuy/BP_WallForRocks.uasset" 733
"../../../../../UE4/RepairTheVillage/Content/BluePrints/NPCs/TallRobeLarry/NewFolder/LONGROBELARRYANIMATED_Skeleton.uasset" 734
"../../../../../UE4/RepairTheVillage/Content/BluePrints/NPCs/TallRobeLarry/NewFolder/LONGROBELARRYANIMATED_Anim.uasset" 735
"../../../../../UE4/RepairTheVillage/Content/BluePrints/NPCs/TallRobeLarry/Leaves_FBX_BigRock.uasset" 736
"../../../../../UE4/RepairTheVillage/Content/BluePrints/NPCs/TallRobeLarry/Leaves_FBX_Leaf1.uasset" 737
"../../../../../UE4/RepairTheVillage/Content/BluePrints/NPCs/TallRobeLarry/Leaves_FBX_Leaf2.uasset" 738
"../../../../../UE4/RepairTheVillage/Content/BluePrints/NPCs/TallRobeLarry/Leaves_FBX_Leaf3.uasset" 739
"../../../../../UE4/RepairTheVillage/Content/BluePrints/NPCs/TallRobeLarry/Leaves_FBX_Leaf4.uasset" 740
"../../../../../UE4/RepairTheVillage/Content/BluePrints/NPCs/TallRobeLarry/Leaves_FBX_Leaf5.uasset" 741
"../../../../../UE4/RepairTheVillage/Content/BluePrints/NPCs/TallRobeLarry/Leaves_FBX_Leaf6.uasset" 742
"../../../../../UE4/RepairTheVillage/Content/BluePrints/NPCs/TallRobeLarry/Leaves_FBX_MedRock.uasset" 743
"../../../../../UE4/RepairTheVillage/Content/BluePrints/NPCs/TallRobeLarry/Leaves_FBX_SmallRock.uasset" 744
"../../../../../UE4/RepairTheVillage/Content/BluePrints/NPCs/TallRobeLarry/Leaves_FBX_Twig1.uasset" 745
"../../../../../UE4/RepairTheVillage/Content/BluePrints/NPCs/TallRobeLarry/Leaves_FBX_Twig2.uasset" 746
"../../../../../UE4/RepairTheVillage/Content/BluePrints/NPCs/TallRobeLarry/NewFolder/Robe_Lady_Low_robe_lady_BaseColor.uasset" 747
"../../../../../UE4/RepairTheVillage/Content/BluePrints/NPCs/TallRobeLarry/NewFolder/Robe_Lady_Low_robe_lady_Normal.uasset" 748
"../../../../../UE4/RepairTheVillage/Content/BluePrints/NPCs/TallRobeLarry/NewFolder/M_robe_lady_001.uasset" 749
"../../../../../UE4/RepairTheVillage/Content/BluePrints/NPCs/TallRobeLarry/NewFolder/LONGROBELARRYANIMATED_PhysicsAsset.uasset" 750
"../../../../../UE4/RepairTheVillage/Content/BluePrints/NPCs/TallRobeLarry/NewFolder/LONGROBELARRYANIMATED.uasset" 751
"../../../../../UE4/RepairTheVillage/Content/UI/NPCICons/Tall_Robed_Lady_Icon.uasset" 752
"../../../../../UE4/RepairTheVillage/Content/BluePrints/NPCs/LongBoi/BP_NPC_Child.uasset" 753
"../../../../../UE4/RepairTheVillage/Content/BluePrints/NPCs/DragonPerson/Fluffy_Dragon_BaseColor.uasset" 754
"../../../../../UE4/RepairTheVillage/Content/BluePrints/NPCs/DragonPerson/Fluffy_Dragon_Emissive_Closed.uasset" 755
"../../../../../UE4/RepairTheVillage/Content/BluePrints/NPCs/DragonPerson/Fluffy_Dragon_Emissive_Open.uasset" 756
"../../../../../UE4/RepairTheVillage/Content/BluePrints/NPCs/DragonPerson/Fluffy_Dragon_Normal.uasset" 757
"../../../../../UE4/RepairTheVillage/Content/BluePrints/NPCs/DragonPerson/Fluffy_Dragon_OcclusionRoughnessMetallic.uasset" 758
"../../../../../UE4/RepairTheVillage/Content/BluePrints/NPCs/DragonPerson/M_FluffyDragon.uasset" 759
"../../../../../UE4/RepairTheVillage/Content/BluePrints/NPCs/DragonPerson/MI_FluffyDragon.uasset" 760
"../../../../../UE4/RepairTheVillage/Content/Materials/QuestStuff/MI_NotReadyToHandIn.uasset" 761
"../../../../../UE4/RepairTheVillage/Content/Materials/QuestStuff/MI_QuestAvailable.uasset" 762
"../../../../../UE4/RepairTheVillage/Content/BluePrints/NPCs/DragonPerson/Fluffy_Dragon_FBX.uasset" 763
"../../../../../UE4/RepairTheVillage/Content/UI/NPCICons/Long_Fluffy_Dragon_Icon.uasset" 764
"../../../../../UE4/RepairTheVillage/Content/BluePrints/NPCs/LongBoi/BP_NPC_FIREDUDE.uasset" 765
"../../../../../UE4/RepairTheVillage/Content/BluePrints/NPCs/BloobyGuy/Blobby_Tex_BaseColor.uasset" 766
"../../../../../UE4/RepairTheVillage/Content/BluePrints/NPCs/BloobyGuy/Blobby_Tex_Emissive.uasset" 767
"../../../../../UE4/RepairTheVillage/Content/BluePrints/NPCs/BloobyGuy/Blobby_Tex_Normal.uasset" 768
"../../../../../UE4/RepairTheVillage/Content/BluePrints/NPCs/BloobyGuy/Blobby_Tex_OcclusionRoughnessMetallic.uasset" 769
"../../../../../UE4/RepairTheVillage/Content/BluePrints/NPCs/BloobyGuy/Blobby_Tex_Opacity.uasset" 770
"../../../../../UE4/RepairTheVillage/Content/BluePrints/NPCs/BloobyGuy/M_BlobyCharachter.uasset" 771
"../../../../../UE4/RepairTheVillage/Content/BluePrints/NPCs/BloobyGuy/Blobby_FBX.uasset" 772
"../../../../../UE4/RepairTheVillage/Content/BluePrints/NPCs/LongBoi/BP_NPC_Child_Bloby.uasset" 773
"../../../../../UE4/RepairTheVillage/Content/BluePrints/NPCs/OldDragonLady/AssetStuff/Low_For_Substance_Old_Dragon_Lady_BaseColor.uasset" 774
"../../../../../UE4/RepairTheVillage/Content/BluePrints/NPCs/OldDragonLady/AssetStuff/Low_For_Substance_Old_Dragon_Lady_Emissive.uasset" 775
"../../../../../UE4/RepairTheVillage/Content/BluePrints/NPCs/OldDragonLady/AssetStuff/Low_For_Substance_Old_Dragon_Lady_Normal.uasset" 776
"../../../../../UE4/RepairTheVillage/Content/BluePrints/NPCs/OldDragonLady/AssetStuff/Low_For_Substance_Old_Dragon_Lady_OcclusionRoughnessMetallic.uasset" 777
"../../../../../UE4/RepairTheVillage/Content/BluePrints/NPCs/OldDragonLady/AssetStuff/M_Old_Dragon_Lady.uasset" 778
"../../../../../UE4/RepairTheVillage/Content/BluePrints/NPCs/OldDragonLady/AssetStuff/Old_Dragon_Lady_FBX_Lantern.uasset" 779
"../../../../../UE4/RepairTheVillage/Content/BluePrints/NPCs/OldDragonLady/AssetStuff/Old_Dragon_Lady_FBX_Old_Lady.uasset" 780
"../../../../../UE4/RepairTheVillage/Content/UI/NPCICons/Old_Dragon_Lady_Icon.uasset" 781
"../../../../../UE4/RepairTheVillage/Content/BluePrints/NPCs/LongBoi/BP_NPC_Child_SwampGate.uasset" 782
"../../../../../UE4/RepairTheVillage/Content/BP_SafeZone.uasset" 783
"../../../../../UE4/RepairTheVillage/Content/Map/Grass_LayerInfo.uasset" 784
"../../../../../UE4/RepairTheVillage/Content/Map/Path_LayerInfo.uasset" 785
"../../../../../UE4/RepairTheVillage/Content/Map/Sand_LayerInfo.uasset" 786
"../../../../../UE4/RepairTheVillage/Content/Map/Swamp_LayerInfo.uasset" 787
"../../../../../UE4/RepairTheVillage/Content/NewMap_BuiltData.uasset" 788
"../../../../../UE4/RepairTheVillage/Content/Materials/M_WaterFall.uasset" 789
"../../../../../UE4/RepairTheVillage/Content/Materials/SeamlessRippleTexture.uasset" 790
"../../../../../UE4/RepairTheVillage/Content/Materials/M_WaterFallRipples.uasset" 791
"../../../Engine/Content/EngineMaterials/BlendFunc_DefBase.uasset" 792
"../../../Engine/Content/EngineMaterials/BlendFunc_DefBlend.uasset" 793
"../../../Engine/Content/Functions/Engine_MaterialFunctions03/Blends/Blend_Overlay.uasset" 794
"../../../../../UE4/RepairTheVillage/Content/WaterShader3.uasset" 795
"../../../Engine/Content/EngineMaterials/DefaultPhysicalMaterial.uasset" 796
"../../../../../UE4/RepairTheVillage/Content/Assets/Axe/Axe_low_lambert1_BaseColor.uasset" 797
"../../../../../UE4/RepairTheVillage/Content/Assets/Axe/Axe_low_lambert1_Normal.uasset" 798
"../../../../../UE4/RepairTheVillage/Content/Assets/Axe/Axe_low_lambert1_OcclusionRoughnessMetallic.uasset" 799
"../../../../../UE4/RepairTheVillage/Content/Assets/Axe/M_Axe.uasset" 800
"../../../../../UE4/RepairTheVillage/Content/Assets/Axe/Axe_low.uasset" 801
"../../../../../UE4/RepairTheVillage/Content/Assets/City/Crates/Crate_Tex_BaseColor.uasset" 802
"../../../../../UE4/RepairTheVillage/Content/Assets/City/Crates/Crate_Tex_Normal.uasset" 803
"../../../../../UE4/RepairTheVillage/Content/Assets/City/Crates/Crate_Tex_OcclusionRoughnessMetallic.uasset" 804
"../../../../../UE4/RepairTheVillage/Content/Assets/City/Crates/M_Crates.uasset" 805
"../../../../../UE4/RepairTheVillage/Content/Assets/City/Crates/Four_Crates_FBX.uasset" 806
"../../../../../UE4/RepairTheVillage/Content/Assets/City/Crates/One_Crate_FBX.uasset" 807
"../../../../../UE4/RepairTheVillage/Content/Assets/City/Crates/Three_Crates_FBX.uasset" 808
"../../../../../UE4/RepairTheVillage/Content/Assets/City/Crates/Two_Crates_FBX.uasset" 809
"../../../../../UE4/RepairTheVillage/Content/Assets/City/Well/Well_Tex_BaseColor.uasset" 810
"../../../../../UE4/RepairTheVillage/Content/Assets/City/Well/Well_Tex_Normal.uasset" 811
"../../../../../UE4/RepairTheVillage/Content/Assets/City/Well/Well_Tex_OcclusionRoughnessMetallic.uasset" 812
"../../../../../UE4/RepairTheVillage/Content/Assets/City/Well/M_CityWell.uasset" 813
"../../../../../UE4/RepairTheVillage/Content/Assets/City/Well/Well_FBX.uasset" 814
"../../../../../UE4/RepairTheVillage/Content/Assets/Envioremntr/Barells/Dirt_Barrel_FBX.uasset" 815
"../../../../../UE4/RepairTheVillage/Content/Assets/Envioremntr/Barells/Tipped_Barrel_FBX.uasset" 816
"../../../../../UE4/RepairTheVillage/Content/Assets/Envioremntr/Barells/Water_Barrel_FBX.uasset" 817
"../../../../../UE4/RepairTheVillage/Content/Assets/Envioremntr/Rocks/Big_Rock_FBX.uasset" 818
"../../../../../UE4/RepairTheVillage/Content/Assets/Envioremntr/Rocks/Small_Rock_FBX.uasset" 819
"../../../../../UE4/RepairTheVillage/Content/Materials/WaterWallRipples.uasset" 820
"../../../../../UE4/RepairTheVillage/Content/Particles/WaterFall/M_WaterFallPS.uasset" 821
"../../../../../UE4/RepairTheVillage/Content/Particles/WaterFall/2_2.uasset" 822
"../../../../../UE4/RepairTheVillage/Content/Particles/WaterFall/PS_WaterFall.uasset" 823
"../../../../../UE4/RepairTheVillage/Content/Sounds/newSounds/SFX_Reverb.uasset" 824
"../../../../../UE4/RepairTheVillage/Content/Material_001.uasset" 825
"../../../../../UE4/RepairTheVillage/Content/water.uasset" 826
"../../../../../UE4/RepairTheVillage/Content/waterFallMesh.uasset" 827
"../../../../../UE4/RepairTheVillage/Content/NewMap.umap" 828
"../../../../../UE4/RepairTheVillage/Content/Night01.umap" 829
"../../../Engine/Content/Maps/Entry_BuiltData.uasset" 830
"../../../Engine/Content/Maps/Entry.umap" 831
